TN:
SF:src\presentation\controllers\signup.ts
FN:12,SignUpController
FN:16,handle
FNF:2
FNH:2
FNDA:8,SignUpController
FNDA:8,handle
DA:1,1
DA:2,1
DA:3,1
DA:4,1
DA:5,1
DA:6,1
DA:7,1
DA:8,1
DA:9,1
DA:10,1
DA:11,1
DA:12,1
DA:13,8
DA:14,8
DA:15,1
DA:16,1
DA:17,8
DA:18,8
DA:19,8
DA:20,26
DA:21,4
DA:22,4
DA:23,26
DA:24,4
DA:25,8
DA:26,1
DA:27,1
DA:28,2
DA:29,2
DA:30,2
DA:31,2
DA:32,8
DA:33,1
DA:34,1
DA:35,1
DA:36,1
DA:37,1
DA:38,8
DA:39,1
LF:39
LH:39
BRDA:12,0,0,8
BRDA:16,1,0,8
BRDA:19,2,0,26
BRDA:20,3,0,4
BRDA:24,4,0,4
BRDA:25,5,0,1
BRDA:28,6,0,2
BRDA:32,7,0,1
BRF:8
BRH:8
end_of_record
TN:
SF:src\presentation\errors\ServerError.ts
FN:2,ServerError
FNF:1
FNH:1
FNDA:2,ServerError
DA:1,1
DA:2,1
DA:3,2
DA:4,2
DA:5,2
DA:6,1
LF:6
LH:6
BRDA:2,0,0,2
BRF:1
BRH:1
end_of_record
TN:
SF:src\presentation\errors\invalid-param-error.ts
FN:2,InvalidParamError
FNF:1
FNH:1
FNDA:2,InvalidParamError
DA:1,1
DA:2,1
DA:3,2
DA:4,2
DA:5,2
DA:6,1
LF:6
LH:6
BRDA:2,0,0,2
BRF:1
BRH:1
end_of_record
TN:
SF:src\presentation\errors\missing-param-error.ts
FN:2,MissingParamError
FNF:1
FNH:1
FNDA:8,MissingParamError
DA:1,1
DA:2,1
DA:3,8
DA:4,8
DA:5,8
DA:6,1
LF:6
LH:6
BRDA:2,0,0,8
BRF:1
BRH:1
end_of_record
TN:
SF:src\presentation\protocols\emailValidator.ts
FN:1,(empty-report)
FNF:1
FNH:0
FNDA:0,(empty-report)
DA:1,0
DA:2,0
DA:3,0
LF:3
LH:0
BRDA:1,0,0,0
BRF:1
BRH:0
end_of_record
