TN:
SF:src\presentation\controllers\signup.ts
FN:10,SignUpController
FN:14,handle
FNF:2
FNH:2
FNDA:8,SignUpController
FNDA:8,handle
DA:1,1
DA:2,1
DA:3,1
DA:4,1
DA:5,1
DA:6,1
DA:7,1
DA:8,1
DA:9,1
DA:10,1
DA:11,8
DA:12,8
DA:13,1
DA:14,1
DA:15,8
DA:16,8
DA:17,8
DA:18,26
DA:19,4
DA:20,4
DA:21,26
DA:22,4
DA:23,8
DA:24,1
DA:25,1
DA:26,2
DA:27,2
DA:28,2
DA:29,2
DA:30,8
DA:31,1
DA:32,1
DA:33,8
DA:34,1
LF:34
LH:34
BRDA:10,0,0,8
BRDA:14,1,0,8
BRDA:17,2,0,26
BRDA:18,3,0,4
BRDA:22,4,0,4
BRDA:23,5,0,1
BRDA:26,6,0,2
BRDA:30,7,0,1
BRF:8
BRH:8
end_of_record
TN:
SF:src\presentation\errors\index.ts
FNF:0
FNH:0
DA:1,1
DA:2,1
DA:3,1
LF:3
LH:3
BRF:0
BRH:0
end_of_record
TN:
SF:src\presentation\errors\server-error.ts
FN:2,ServerError
FNF:1
FNH:1
FNDA:2,ServerError
DA:1,1
DA:2,1
DA:3,2
DA:4,2
DA:5,2
DA:6,1
LF:6
LH:6
BRDA:2,0,0,2
BRF:1
BRH:1
end_of_record
TN:
SF:src\presentation\helpers\http-helper.ts
FN:4,badRequest
FN:10,serverError
FNF:2
FNH:2
FNDA:5,badRequest
FNDA:1,serverError
DA:1,1
DA:2,1
DA:3,1
DA:4,1
DA:5,5
DA:6,5
DA:7,5
DA:8,5
DA:9,5
DA:10,1
DA:11,1
DA:12,1
DA:13,1
DA:14,1
DA:15,1
LF:15
LH:15
BRDA:4,0,0,5
BRDA:10,1,0,1
BRF:2
BRH:2
end_of_record
TN:
SF:src\presentation\protocols\emailValidator.ts
FN:1,(empty-report)
FNF:1
FNH:0
FNDA:0,(empty-report)
DA:1,0
DA:2,0
DA:3,0
LF:3
LH:0
BRDA:1,0,0,0
BRF:1
BRH:0
end_of_record
